This is pdfTeX, Version 3.14159265-2.6-1.40.20 (TeX Live 2019/W32TeX) (preloaded format=pdflatex 2019.10.3)  11 NOV 2019 00:20
entering extended mode
 restricted \write18 enabled.
 %&-line parsing enabled.
**Manova_LRT.tex
(./MANOVA_LRT.tex
LaTeX2e <2018-12-01>
(c:/Users/livio/AppData/Roaming/TinyTeX/texmf-dist/tex/latex/base/article.cls
Document Class: article 2018/09/03 v1.4i Standard LaTeX document class
(c:/Users/livio/AppData/Roaming/TinyTeX/texmf-dist/tex/latex/base/size10.clo
File: size10.clo 2018/09/03 v1.4i Standard LaTeX file (size option)
)
\c@part=\count80
\c@section=\count81
\c@subsection=\count82
\c@subsubsection=\count83
\c@paragraph=\count84
\c@subparagraph=\count85
\c@figure=\count86
\c@table=\count87
\abovecaptionskip=\skip41
\belowcaptionskip=\skip42
\bibindent=\dimen102
)
(c:/Users/livio/AppData/Roaming/TinyTeX/texmf-dist/tex/latex/base/fontenc.sty
Package: fontenc 2018/08/11 v2.0j Standard LaTeX package

(c:/Users/livio/AppData/Roaming/TinyTeX/texmf-dist/tex/latex/base/t1enc.def
File: t1enc.def 2018/08/11 v2.0j Standard LaTeX file
LaTeX Font Info:    Redeclaring font encoding T1 on input line 48.
))
(c:/Users/livio/AppData/Roaming/TinyTeX/texmf-dist/tex/latex/amsfonts/amssymb.s
ty
Package: amssymb 2013/01/14 v3.01 AMS font symbols

(c:/Users/livio/AppData/Roaming/TinyTeX/texmf-dist/tex/latex/amsfonts/amsfonts.
sty
Package: amsfonts 2013/01/14 v3.01 Basic AMSFonts support
\@emptytoks=\toks14
\symAMSa=\mathgroup4
\symAMSb=\mathgroup5
LaTeX Font Info:    Overwriting math alphabet `\mathfrak' in version `bold'
(Font)                  U/euf/m/n --> U/euf/b/n on input line 106.
))
(c:/Users/livio/AppData/Roaming/TinyTeX/texmf-dist/tex/latex/amsmath/amsmath.st
y
Package: amsmath 2018/12/01 v2.17b AMS math features
\@mathmargin=\skip43

For additional information on amsmath, use the `?' option.

(c:/Users/livio/AppData/Roaming/TinyTeX/texmf-dist/tex/latex/amsmath/amstext.st
y
Package: amstext 2000/06/29 v2.01 AMS text

(c:/Users/livio/AppData/Roaming/TinyTeX/texmf-dist/tex/latex/amsmath/amsgen.sty
File: amsgen.sty 1999/11/30 v2.0 generic functions
\@emptytoks=\toks15
\ex@=\dimen103
))
(c:/Users/livio/AppData/Roaming/TinyTeX/texmf-dist/tex/latex/amsmath/amsbsy.sty
Package: amsbsy 1999/11/29 v1.2d Bold Symbols
\pmbraise@=\dimen104
)
(c:/Users/livio/AppData/Roaming/TinyTeX/texmf-dist/tex/latex/amsmath/amsopn.sty
Package: amsopn 2016/03/08 v2.02 operator names
)
\inf@bad=\count88
LaTeX Info: Redefining \frac on input line 223.
\uproot@=\count89
\leftroot@=\count90
LaTeX Info: Redefining \overline on input line 385.
\classnum@=\count91
\DOTSCASE@=\count92
LaTeX Info: Redefining \ldots on input line 482.
LaTeX Info: Redefining \dots on input line 485.
LaTeX Info: Redefining \cdots on input line 606.
\Mathstrutbox@=\box27
\strutbox@=\box28
\big@size=\dimen105
LaTeX Font Info:    Redeclaring font encoding OML on input line 729.
LaTeX Font Info:    Redeclaring font encoding OMS on input line 730.
\macc@depth=\count93
\c@MaxMatrixCols=\count94
\dotsspace@=\muskip10
\c@parentequation=\count95
\dspbrk@lvl=\count96
\tag@help=\toks16
\row@=\count97
\column@=\count98
\maxfields@=\count99
\andhelp@=\toks17
\eqnshift@=\dimen106
\alignsep@=\dimen107
\tagshift@=\dimen108
\tagwidth@=\dimen109
\totwidth@=\dimen110
\lineht@=\dimen111
\@envbody=\toks18
\multlinegap=\skip44
\multlinetaggap=\skip45
\mathdisplay@stack=\toks19
LaTeX Info: Redefining \[ on input line 2844.
LaTeX Info: Redefining \] on input line 2845.
)
(c:/Users/livio/AppData/Roaming/TinyTeX/texmf-dist/tex/generic/babel/babel.sty
Package: babel 2019/09/27 3.34 The Babel package

(c:/Users/livio/AppData/Roaming/TinyTeX/texmf-dist/tex/generic/babel/switch.def
File: switch.def 2019/09/27 3.34 Babel switching mechanism
)
Package babel Info: You haven't specified a language. I'll use 'nil'
(babel)             as the main language. Reported on input line 582.
 (c:/Users/livio/AppData/Roaming/TinyTeX/texmf-dist/tex/generic/babel/nil.ldf
Language: nil 2019/09/27 3.34 Nil language

(c:/Users/livio/AppData/Roaming/TinyTeX/texmf-dist/tex/generic/babel/babel.def
File: babel.def 2019/09/27 3.34 Babel common definitions
\babel@savecnt=\count100
\U@D=\dimen112

(c:/Users/livio/AppData/Roaming/TinyTeX/texmf-dist/tex/generic/babel/txtbabel.d
ef)
\bbl@dirlevel=\count101
)
\l@nil=\language3
))
(c:/Users/livio/AppData/Roaming/TinyTeX/texmf-dist/tex/latex/subfig/subfig.sty
Package: subfig 2005/06/28 ver: 1.3 subfig package

(c:/Users/livio/AppData/Roaming/TinyTeX/texmf-dist/tex/latex/graphics/keyval.st
y
Package: keyval 2014/10/28 v1.15 key=value parser (DPC)
\KV@toks@=\toks20
)
(c:/Users/livio/AppData/Roaming/TinyTeX/texmf-dist/tex/latex/caption/caption.st
y
Package: caption 2019/09/01 v3.3d Customizing captions (AR)

(c:/Users/livio/AppData/Roaming/TinyTeX/texmf-dist/tex/latex/caption/caption3.s
ty
Package: caption3 2019/09/01 v1.8d caption3 kernel (AR)
Package caption3 Info: TeX engine: e-TeX on input line 64.
\captionmargin=\dimen113
\captionmargin@=\dimen114
\captionwidth=\dimen115
\caption@tempdima=\dimen116
\caption@indent=\dimen117
\caption@parindent=\dimen118
\caption@hangindent=\dimen119
)
\c@caption@flags=\count102
\c@ContinuedFloat=\count103
)
\c@KVtest=\count104
\sf@farskip=\skip46
\sf@captopadj=\dimen120
\sf@capskip=\skip47
\sf@nearskip=\skip48
\c@subfigure=\count105
\c@subfigure@save=\count106
\c@lofdepth=\count107
\c@subtable=\count108
\c@subtable@save=\count109
\c@lotdepth=\count110
\sf@top=\skip49
\sf@bottom=\skip50
)
(c:/Users/livio/AppData/Roaming/TinyTeX/texmf-dist/tex/latex/amsfonts/eucal.sty
Package: eucal 2009/06/22 v3.00 Euler Script fonts
LaTeX Font Info:    Overwriting math alphabet `\EuScript' in version `bold'
(Font)                  U/eus/m/n --> U/eus/b/n on input line 33.
)
(c:/Users/livio/AppData/Roaming/TinyTeX/texmf-dist/tex/latex/graphics/graphicx.
sty
Package: graphicx 2017/06/01 v1.1a Enhanced LaTeX Graphics (DPC,SPQR)

(c:/Users/livio/AppData/Roaming/TinyTeX/texmf-dist/tex/latex/graphics/graphics.
sty
Package: graphics 2017/06/25 v1.2c Standard LaTeX Graphics (DPC,SPQR)

(c:/Users/livio/AppData/Roaming/TinyTeX/texmf-dist/tex/latex/graphics/trig.sty
Package: trig 2016/01/03 v1.10 sin cos tan (DPC)
)
(c:/Users/livio/AppData/Roaming/TinyTeX/texmf-dist/tex/latex/graphics-cfg/graph
ics.cfg
File: graphics.cfg 2016/06/04 v1.11 sample graphics configuration
)
Package graphics Info: Driver file: pdftex.def on input line 99.

(c:/Users/livio/AppData/Roaming/TinyTeX/texmf-dist/tex/latex/graphics-def/pdfte
x.def
File: pdftex.def 2018/01/08 v1.0l Graphics/color driver for pdftex
))
\Gin@req@height=\dimen121
\Gin@req@width=\dimen122
)
(c:/Users/livio/AppData/Roaming/TinyTeX/texmf-dist/tex/latex/natbib/natbib.sty
Package: natbib 2010/09/13 8.31b (PWD, AO)
\bibhang=\skip51
\bibsep=\skip52
LaTeX Info: Redefining \cite on input line 694.
\c@NAT@ctr=\count111
) (c:/Users/livio/AppData/Roaming/TinyTeX/texmf-dist/tex/latex/tools/bm.sty
Package: bm 2017/01/16 v1.2c Bold Symbol Support (DPC/FMi)
\symboldoperators=\mathgroup6
\symboldletters=\mathgroup7
\symboldsymbols=\mathgroup8
LaTeX Font Info:    Redeclaring math alphabet \mathbf on input line 141.
LaTeX Info: Redefining \bm on input line 207.
)
(c:/Users/livio/AppData/Roaming/TinyTeX/texmf-dist/tex/latex/amscls/amsthm.sty
Package: amsthm 2017/10/31 v2.20.4
\thm@style=\toks21
\thm@bodyfont=\toks22
\thm@headfont=\toks23
\thm@notefont=\toks24
\thm@headpunct=\toks25
\thm@preskip=\skip53
\thm@postskip=\skip54
\thm@headsep=\skip55
\dth@everypar=\toks26
)
\c@thm=\count112
(./MANOVA_LRT.aux)
\openout1 = `MANOVA_LRT.aux'.

LaTeX Font Info:    Checking defaults for OML/cmm/m/it on input line 56.
LaTeX Font Info:    ... okay on input line 56.
LaTeX Font Info:    Checking defaults for T1/cmr/m/n on input line 56.
LaTeX Font Info:    ... okay on input line 56.
LaTeX Font Info:    Checking defaults for OT1/cmr/m/n on input line 56.
LaTeX Font Info:    ... okay on input line 56.
LaTeX Font Info:    Checking defaults for OMS/cmsy/m/n on input line 56.
LaTeX Font Info:    ... okay on input line 56.
LaTeX Font Info:    Checking defaults for OMX/cmex/m/n on input line 56.
LaTeX Font Info:    ... okay on input line 56.
LaTeX Font Info:    Checking defaults for U/cmr/m/n on input line 56.
LaTeX Font Info:    ... okay on input line 56.
Package caption Info: Begin \AtBeginDocument code.
Package caption Info: subfig package v1.3 is loaded.
Package caption Info: End \AtBeginDocument code.

(c:/Users/livio/AppData/Roaming/TinyTeX/texmf-dist/tex/latex/oberdiek/epstopdf-
base.sty
Package: epstopdf-base 2016/05/15 v2.6 Base part for package epstopdf

(c:/Users/livio/AppData/Roaming/TinyTeX/texmf-dist/tex/generic/oberdiek/infware
rr.sty
Package: infwarerr 2016/05/16 v1.4 Providing info/warning/error messages (HO)
)
(c:/Users/livio/AppData/Roaming/TinyTeX/texmf-dist/tex/latex/oberdiek/grfext.st
y
Package: grfext 2016/05/16 v1.2 Manage graphics extensions (HO)

(c:/Users/livio/AppData/Roaming/TinyTeX/texmf-dist/tex/generic/oberdiek/kvdefin
ekeys.sty
Package: kvdefinekeys 2016/05/16 v1.4 Define keys (HO)

(c:/Users/livio/AppData/Roaming/TinyTeX/texmf-dist/tex/generic/oberdiek/ltxcmds
.sty
Package: ltxcmds 2016/05/16 v1.23 LaTeX kernel commands for general use (HO)
)))
(c:/Users/livio/AppData/Roaming/TinyTeX/texmf-dist/tex/latex/oberdiek/kvoptions
.sty
Package: kvoptions 2016/05/16 v3.12 Key value format for package options (HO)

(c:/Users/livio/AppData/Roaming/TinyTeX/texmf-dist/tex/generic/oberdiek/kvsetke
ys.sty
Package: kvsetkeys 2016/05/16 v1.17 Key value parser (HO)

(c:/Users/livio/AppData/Roaming/TinyTeX/texmf-dist/tex/generic/oberdiek/etexcmd
s.sty
Package: etexcmds 2016/05/16 v1.6 Avoid name clashes with e-TeX commands (HO)

(c:/Users/livio/AppData/Roaming/TinyTeX/texmf-dist/tex/generic/oberdiek/ifluate
x.sty
Package: ifluatex 2016/05/16 v1.4 Provides the ifluatex switch (HO)
Package ifluatex Info: LuaTeX not detected.
))))
(c:/Users/livio/AppData/Roaming/TinyTeX/texmf-dist/tex/generic/oberdiek/pdftexc
mds.sty
Package: pdftexcmds 2019/07/25 v0.30 Utility functions of pdfTeX for LuaTeX (HO
)

(c:/Users/livio/AppData/Roaming/TinyTeX/texmf-dist/tex/generic/oberdiek/ifpdf.s
ty
Package: ifpdf 2018/09/07 v3.3 Provides the ifpdf switch
)
Package pdftexcmds Info: LuaTeX not detected.
Package pdftexcmds Info: \pdf@primitive is available.
Package pdftexcmds Info: \pdf@ifprimitive is available.
Package pdftexcmds Info: \pdfdraftmode found.
)
Package epstopdf-base Info: Redefining graphics rule for `.eps' on input line 4
38.
Package grfext Info: Graphics extension search list:
(grfext)             [.pdf,.png,.jpg,.mps,.jpeg,.jbig2,.jb2,.PDF,.PNG,.JPG,.JPE
G,.JBIG2,.JB2,.eps]
(grfext)             \AppendGraphicsExtensions on input line 456.

(c:/Users/livio/AppData/Roaming/TinyTeX/texmf-dist/tex/latex/latexconfig/epstop
df-sys.cfg
File: epstopdf-sys.cfg 2010/07/13 v1.3 Configuration of (r)epstopdf for TeX Liv
e
))
LaTeX Font Info:    Try loading font information for U+msa on input line 58.

(c:/Users/livio/AppData/Roaming/TinyTeX/texmf-dist/tex/latex/amsfonts/umsa.fd
File: umsa.fd 2013/01/14 v3.01 AMS symbols A
)
LaTeX Font Info:    Try loading font information for U+msb on input line 58.

(c:/Users/livio/AppData/Roaming/TinyTeX/texmf-dist/tex/latex/amsfonts/umsb.fd
File: umsb.fd 2013/01/14 v3.01 AMS symbols B
)
(./MANOVA_LRT.toc)
\tf@toc=\write3
\openout3 = `MANOVA_LRT.toc'.



LaTeX Warning: Reference `Hcentramento' on page 1 undefined on input line 72.


Underfull \hbox (badness 10000) in paragraph at lines 77--78

 []


LaTeX Warning: Reference `matriciDati' on page 1 undefined on input line 80.

[1

{c:/Users/livio/AppData/Roaming/TinyTeX/texmf-var/fonts/map/pdftex/updmap/pdfte
x.map}]
Overfull \hbox (6.1087pt too wide) in paragraph at lines 85--90
\T1/cmr/m/n/10 verosimiglianza (SMV). Fortunatamente i due metodi portano a ris
ultati analoghi.
 []


Overfull \hbox (6.55035pt too wide) in paragraph at lines 101--103
\T1/cmr/bx/n/10 Proof 1.2. \T1/cmr/m/it/10 La prima equazione è vera per defini
zione. Per la seconda uguaglianza
 []


Overfull \hbox (26.89783pt too wide) in paragraph at lines 122--123
\OML/cmm/m/it/10 S \OT1/cmr/m/n/10 = \OT1/cmr/bx/n/10 Y[]HY\OML/cmm/m/it/10 =n$
 \T1/cmr/m/it/10 sono gli stimatori di massima verosimiglianza di $\OT1/cmr/bx/
n/10 B$ \T1/cmr/m/it/10 e $\OT1/cmr/m/n/10 ^^F$\T1/cmr/m/it/10 , rispettivament
e. 
 []

[2]
Overfull \hbox (23.47989pt too wide) in paragraph at lines 125--127
\T1/cmr/bx/n/10 Proof 1.4. \T1/cmr/m/it/10 Omettendo il termine $\OT1/cmr/m/n/1
0 2\OML/cmm/m/it/10 ^^Y[]$ \T1/cmr/m/it/10 che non ha alcun ruolo nella massimi
zzazione
 []


LaTeX Warning: Command \` invalid in math mode on input line 128.

Missing character: There is no è in font cmr7!

LaTeX Warning: Command \` invalid in math mode on input line 145.

Missing character: There is no è in font cmr7!

LaTeX Warning: Command \` invalid in math mode on input line 148.

Missing character: There is no è in font cmr7!

Overfull \hbox (14.30115pt too wide) in paragraph at lines 166--167
\T1/cmr/m/n/10 Anche le proprietà del modello estendono le proprietà del modell
o lineare univariato. 
 []

[3]
LaTeX Font Info:    Try loading font information for OMS+cmr on input line 170.

 (c:/Users/livio/AppData/Roaming/TinyTeX/texmf-dist/tex/latex/base/omscmr.fd
File: omscmr.fd 2014/09/29 v2.5h Standard LaTeX font definitions
)
LaTeX Font Info:    Font shape `OMS/cmr/m/it' in size <10> not available
(Font)              Font shape `OMS/cmsy/m/n' tried instead on input line 170.
LaTeX Font Info:    Try loading font information for U+eus on input line 186.
 (c:/Users/livio/AppData/Roaming/TinyTeX/texmf-dist/tex/latex/amsfonts/ueus.fd
File: ueus.fd 2013/01/14 v3.01 Euler Script
)

LaTeX Warning: Command \` invalid in math mode on input line 186.


LaTeX Warning: Command \` invalid in math mode on input line 186.

Missing character: There is no è in font cmr7!
Missing character: There is no è in font cmr7!

LaTeX Warning: Command \` invalid in math mode on input line 199.

Missing character: There is no è in font cmr7!

Overfull \hbox (35.44316pt too wide) in paragraph at lines 202--204
[]\T1/cmr/m/n/10 Sotto $\OML/cmm/m/it/10 H[]$\T1/cmr/m/n/10 , possiamo sostitui
re $\OML/cmm/m/it/10 ^^V \OT1/cmr/m/n/10 = \OML/cmm/m/it/10 ^^V[]$\T1/cmr/m/n/1
0 ; sotto $\OML/cmm/m/it/10 H[]$ \T1/cmr/m/n/10 lo SMV per $\OT1/cmr/m/n/10 1[]
[] = 1[](1[]1[])[]1[]\OT1/cmr/bx/n/10 Y \OT1/cmr/m/n/10 =
 []


Overfull \hbox (8.14691pt too wide) in alignment at lines 204--209
 [][][] []
 []


LaTeX Warning: Reference `testSigmaNota' on page 4 undefined on input line 212.


[4]
Overfull \hbox (2.8595pt too wide) in paragraph at lines 216--220
\T1/cmr/m/n/10 Il modello e le ipotesi sono le stesse del paragrafo precedente,
 però non assumiamo
 []


LaTeX Warning: Reference `T2media' on page 5 undefined on input line 242.

[5]
Overfull \hbox (5.30972pt too wide) in paragraph at lines 260--263
\T1/cmr/m/n/10 definendo in $\OT1/cmr/bx/n/10 X[]$ \T1/cmr/m/n/10 le dummy rica
vate dagli indicatori dei soggetti e in $\OT1/cmr/bx/n/10 X[]$ \T1/cmr/m/n/10 l
'indicatore
 []


Overfull \hbox (6.88383pt too wide) in paragraph at lines 268--269
[]\T1/cmr/bx/n/10 Esercizio \T1/cmr/m/n/10 Formalizzare $\OT1/cmr/bx/n/10 X[]$ 
\T1/cmr/m/n/10 e $\OT1/cmr/bx/n/10 X[]$ \T1/cmr/m/n/10 per la verifica dell'ipo
tesi nulla di uguaglianza
 []

LaTeX Font Info:    Font shape `OMS/cmr/m/n' in size <10> not available
(Font)              Font shape `OMS/cmsy/m/n' tried instead on input line 273.

LaTeX Warning: Reference `CraigLancaster' on page 6 undefined on input line 278
.


Overfull \hbox (6.69556pt too wide) in paragraph at lines 281--283
[]\T1/cmr/m/n/10 In ambito multivariato le stastistiche di sintesi non sono alt
rettanto immediate.
 []

[6] [7]
Underfull \hbox (badness 10000) in paragraph at lines 336--337

 []


Overfull \hbox (4.79312pt too wide) in paragraph at lines 360--361
\T1/cmr/m/n/10 sotto l'ipotesi nulla. I progessi tecnologici degli ultimi decen
ni, però ci permettono
 []

[8] (./MANOVA_LRT.aux)

LaTeX Warning: There were undefined references.

 ) 
Here is how much of TeX's memory you used:
 4644 strings out of 494553
 66856 string characters out of 6175971
 135309 words of memory out of 5000000
 8210 multiletter control sequences out of 15000+600000
 22186 words of font info for 69 fonts, out of 8000000 for 9000
 14 hyphenation exceptions out of 8191
 44i,9n,42p,571b,215s stack positions out of 5000i,500n,10000p,200000b,80000s
 <c:/Users/livio/Documents/.TinyTeX/texmf-var/fonts/pk/ljfour/jknappen/ec/ect
i1000.600pk> <c:/Users/livio/Documents/.TinyTeX/texmf-var/fonts/pk/ljfour/jknap
pen/ec/ecbx1200.600pk> <c:/Users/livio/Documents/.TinyTeX/texmf-var/fonts/pk/lj
four/jknappen/ec/ecrm1000.600pk> <c:/Users/livio/Documents/.TinyTeX/texmf-var/f
onts/pk/ljfour/jknappen/ec/ecbx1000.600pk> <c:/Users/livio/Documents/.TinyTeX/t
exmf-var/fonts/pk/ljfour/jknappen/ec/ecbx1440.600pk> <c:/Users/livio/Documents/
.TinyTeX/texmf-var/fonts/pk/ljfour/jknappen/ec/ecrm1200.600pk> <c:/Users/livio/
Documents/.TinyTeX/texmf-var/fonts/pk/ljfour/jknappen/ec/ecrm1728.600pk><c:/Use
rs/livio/AppData/Roaming/TinyTeX/texmf-dist/fonts/type1/public/amsfonts/cm/cmbx
10.pfb><c:/Users/livio/AppData/Roaming/TinyTeX/texmf-dist/fonts/type1/public/am
sfonts/cm/cmbx12.pfb><c:/Users/livio/AppData/Roaming/TinyTeX/texmf-dist/fonts/t
ype1/public/amsfonts/cm/cmbx7.pfb><c:/Users/livio/AppData/Roaming/TinyTeX/texmf
-dist/fonts/type1/public/amsfonts/cm/cmex10.pfb><c:/Users/livio/AppData/Roaming
/TinyTeX/texmf-dist/fonts/type1/public/amsfonts/cm/cmmi10.pfb><c:/Users/livio/A
ppData/Roaming/TinyTeX/texmf-dist/fonts/type1/public/amsfonts/cm/cmmi7.pfb><c:/
Users/livio/AppData/Roaming/TinyTeX/texmf-dist/fonts/type1/public/amsfonts/cm/c
mr10.pfb><c:/Users/livio/AppData/Roaming/TinyTeX/texmf-dist/fonts/type1/public/
amsfonts/cm/cmr5.pfb><c:/Users/livio/AppData/Roaming/TinyTeX/texmf-dist/fonts/t
ype1/public/amsfonts/cm/cmr7.pfb><c:/Users/livio/AppData/Roaming/TinyTeX/texmf-
dist/fonts/type1/public/amsfonts/cm/cmsy10.pfb><c:/Users/livio/AppData/Roaming/
TinyTeX/texmf-dist/fonts/type1/public/amsfonts/cm/cmsy7.pfb><c:/Users/livio/App
Data/Roaming/TinyTeX/texmf-dist/fonts/type1/public/amsfonts/euler/eusm10.pfb>
Output written on MANOVA_LRT.pdf (8 pages, 208624 bytes).
PDF statistics:
 355 PDF objects out of 1000 (max. 8388607)
 84 compressed objects within 1 object stream
 0 named destinations out of 1000 (max. 500000)
 1 words of extra memory for PDF output out of 10000 (max. 10000000)

