This is pdfTeX, Version 3.14159265-2.6-1.40.20 (TeX Live 2019/W32TeX) (preloaded format=latex 2019.10.3)  10 NOV 2019 23:25
entering extended mode
 restricted \write18 enabled.
 %&-line parsing enabled.
**tikz13ec27415b8c.tex
(./tikz13ec27415b8c.tex
LaTeX2e <2018-12-01>
(c:/Users/livio/AppData/Roaming/TinyTeX/texmf-dist/tex/latex/base/article.cls
Document Class: article 2018/09/03 v1.4i Standard LaTeX document class
(c:/Users/livio/AppData/Roaming/TinyTeX/texmf-dist/tex/latex/base/size10.clo
File: size10.clo 2018/09/03 v1.4i Standard LaTeX file (size option)
)
\c@part=\count80
\c@section=\count81
\c@subsection=\count82
\c@subsubsection=\count83
\c@paragraph=\count84
\c@subparagraph=\count85
\c@figure=\count86
\c@table=\count87
\abovecaptionskip=\skip41
\belowcaptionskip=\skip42
\bibindent=\dimen102
)
\@input{preview.aux}
\openout2 = `preview.aux'.

No file preview.tex.

! LaTeX Error: File `preview.sty' not found.

Type X to quit or <RETURN> to proceed,
or enter new name. (Default extension: sty)

Enter file name: 
! Emergency stop.
<read *> 
         
l.4 \usepackage
               {amsmath}^^M 
Here is how much of TeX's memory you used:
 200 strings out of 494554
 2259 string characters out of 6175997
 55266 words of memory out of 5000000
 3960 multiletter control sequences out of 15000+600000
 3640 words of font info for 14 fonts, out of 8000000 for 9000
 14 hyphenation exceptions out of 8191
 23i,0n,17p,141b,36s stack positions out of 5000i,500n,10000p,200000b,80000s

No pages of output.
